0 info it worked if it ends with ok
1 verbose cli [ 'C:\\dev\\nvm\\v6.2.0\\node.exe',
1 verbose cli   'C:\\dev\\nvm\\v6.2.0\\node_modules\\npm\\bin\\npm-cli.js',
1 verbose cli   'run',
1 verbose cli   'dev' ]
2 info using npm@3.8.9
3 info using node@v6.2.0
4 verbose run-script [ 'predev', 'dev', 'postdev' ]
5 info lifecycle vue-loader-demo@1.0.0~predev: vue-loader-demo@1.0.0
6 silly lifecycle vue-loader-demo@1.0.0~predev: no script for predev, continuing
7 info lifecycle vue-loader-demo@1.0.0~dev: vue-loader-demo@1.0.0
8 verbose lifecycle vue-loader-demo@1.0.0~dev: unsafe-perm in lifecycle true
9 verbose lifecycle vue-loader-demo@1.0.0~dev: PATH: C:\dev\nvm\v6.2.0\node_modules\npm\bin\node-gyp-bin;C:\Users\liuhong\Desktop\vue\vue-loader-demo\node_modules\.bin;C:\dev\nvm\v6.2.0;E:\orcleClient\bin;E:\orcle10sever\bin;C:\Program Files\Common Files\Microsoft Shared\Windows Live;C:\Windows\system32;C:\Windows;C:\Windows\System32\Wbem;C:\Windows\System32\WindowsPowerShell\v1.0\;c:\Program Files\Intel\DMIX;c:\Program Files\ATI Technologies\ATI.ACE\Core-Static;C:\Program Files\Intel\Services\IPT\;C:\Program Files\Windows Live\Shared;C:\Program Files\Common Files\Roxio Shared\OEM\DLLShared\;C:\Program Files\Common Files\Roxio Shared\OEM\DLLShared\;C:\Program Files\Common Files\Roxio Shared\OEM\12.0\DLLShared\;C:\Program Files\Roxio\OEM\AudioCore\;E:\matlab\v83\runtime\win32;%NVM_HOME%;%NVM_SYMLINK%;C:\dev\nvm;C:\dev\nodejs;C:\Program Files\nodejs\;C:\dev\nvm\v6.2.0;C:\dev\nvm\v6.2.0;C:\dev
10 verbose lifecycle vue-loader-demo@1.0.0~dev: CWD: C:\Users\liuhong\Desktop\vue\vue-loader-demo
11 silly lifecycle vue-loader-demo@1.0.0~dev: Args: [ '/d /s /c', 'webpack-dev-server --inline --hot --port 8082' ]
12 silly lifecycle vue-loader-demo@1.0.0~dev: Returned: code: 1  signal: null
13 info lifecycle vue-loader-demo@1.0.0~dev: Failed to exec dev script
14 verbose stack Error: vue-loader-demo@1.0.0 dev: `webpack-dev-server --inline --hot --port 8082`
14 verbose stack Exit status 1
14 verbose stack     at EventEmitter.<anonymous> (C:\dev\nvm\v6.2.0\node_modules\npm\lib\utils\lifecycle.js:245:16)
14 verbose stack     at emitTwo (events.js:106:13)
14 verbose stack     at EventEmitter.emit (events.js:191:7)
14 verbose stack     at ChildProcess.<anonymous> (C:\dev\nvm\v6.2.0\node_modules\npm\lib\utils\spawn.js:24:14)
14 verbose stack     at emitTwo (events.js:106:13)
14 verbose stack     at ChildProcess.emit (events.js:191:7)
14 verbose stack     at maybeClose (internal/child_process.js:850:16)
14 verbose stack     at Process.ChildProcess._handle.onexit (internal/child_process.js:215:5)
15 verbose pkgid vue-loader-demo@1.0.0
16 verbose cwd C:\Users\liuhong\Desktop\vue\vue-loader-demo
17 error Windows_NT 6.1.7601
18 error argv "C:\\dev\\nvm\\v6.2.0\\node.exe" "C:\\dev\\nvm\\v6.2.0\\node_modules\\npm\\bin\\npm-cli.js" "run" "dev"
19 error node v6.2.0
20 error npm  v3.8.9
21 error code ELIFECYCLE
22 error vue-loader-demo@1.0.0 dev: `webpack-dev-server --inline --hot --port 8082`
22 error Exit status 1
23 error Failed at the vue-loader-demo@1.0.0 dev script 'webpack-dev-server --inline --hot --port 8082'.
23 error Make sure you have the latest version of node.js and npm installed.
23 error If you do, this is most likely a problem with the vue-loader-demo package,
23 error not with npm itself.
23 error Tell the author that this fails on your system:
23 error     webpack-dev-server --inline --hot --port 8082
23 error You can get information on how to open an issue for this project with:
23 error     npm bugs vue-loader-demo
23 error Or if that isn't available, you can get their info via:
23 error     npm owner ls vue-loader-demo
23 error There is likely additional logging output above.
24 verbose exit [ 1, true ]
